2022-07-03 21:07:65 INFO  ManageDriver :33 - Launching Chrome Browser
2022-07-03 21:07:524 INFO  HomePage :33 - Clicking on start accept cookies[[ChromeDriver: chrome on WINDOWS (ced5416de9dc0081d253b88b346fc936)] -> xpath: //button[@id='nhsuk-cookie-banner__link_accept_analytics']]
2022-07-03 21:07:951 INFO  HomePage :39 - Clicking on start Button[[ChromeDriver: chrome on WINDOWS (ced5416de9dc0081d253b88b346fc936)] -> xpath: //input[@id='next-button']]
2022-07-03 21:07:47 INFO  HomePage :29 - Clicking on wales[[ChromeDriver: chrome on WINDOWS (ced5416de9dc0081d253b88b346fc936)] -> xpath: //input[@id='radio-wales']]
2022-07-03 21:07:471 INFO  HomePage :34 - Clicking on next[[ChromeDriver: chrome on WINDOWS (ced5416de9dc0081d253b88b346fc936)] -> xpath: //input[@id='next-button']]
2022-07-03 21:07:550 INFO  HomePage :25 - Clicking on yes [[ChromeDriver: chrome on WINDOWS (ced5416de9dc0081d253b88b346fc936)] -> xpath: //input[@id='radio-yes']]
2022-07-03 21:07:928 INFO  HomePage :30 - Clicking on next [[ChromeDriver: chrome on WINDOWS (ced5416de9dc0081d253b88b346fc936)] -> xpath: //input[@id='next-button']]
2022-07-03 21:07:984 INFO  HomePage :26 - Clicking on wales  [[ChromeDriver: chrome on WINDOWS (ced5416de9dc0081d253b88b346fc936)] -> xpath: //input[@id='radio-wales']]
2022-07-03 21:07:433 INFO  HomePage :31 - Clicking on next [[ChromeDriver: chrome on WINDOWS (ced5416de9dc0081d253b88b346fc936)] -> xpath: //input[@id='next-button']]
2022-07-03 21:07:441 INFO  HomePage :31 - Enter date 1 to date field 1
2022-07-03 21:07:547 INFO  HomePage :36 - Enter month 02 to Month field [[ChromeDriver: chrome on WINDOWS (ced5416de9dc0081d253b88b346fc936)] -> xpath: //input[@id='dob-month']]
2022-07-03 21:07:634 INFO  HomePage :41 - Enter Year 2000 to Year  field [[ChromeDriver: chrome on WINDOWS (ced5416de9dc0081d253b88b346fc936)] -> xpath: //input[@id='dob-year']]
2022-07-03 21:07:245 INFO  HomePage :47 - Clicking on next [[ChromeDriver: chrome on WINDOWS (ced5416de9dc0081d253b88b346fc936)] -> xpath: //input[@id='next-button']]
2022-07-03 21:07:322 INFO  HomePage :28 - Clicking on my yes [[ChromeDriver: chrome on WINDOWS (ced5416de9dc0081d253b88b346fc936)] -> xpath: //input[@id='radio-yes']]
2022-07-03 21:07:81 INFO  HomePage :33 - Clicking on next [[ChromeDriver: chrome on WINDOWS (ced5416de9dc0081d253b88b346fc936)] -> xpath: //input[@id='next-button']]
2022-07-03 21:07:812 INFO  HomePage :33 - Clicking on next [[ChromeDriver: chrome on WINDOWS (ced5416de9dc0081d253b88b346fc936)] -> xpath: //input[@id='next-button']]
2022-07-03 21:07:892 INFO  HomePage :27 - Clicking on no [[ChromeDriver: chrome on WINDOWS (ced5416de9dc0081d253b88b346fc936)] -> xpath: //input[@id='radio-no']]
2022-07-03 21:07:449 INFO  HomePage :31 - Clicking on next [[ChromeDriver: chrome on WINDOWS (ced5416de9dc0081d253b88b346fc936)] -> xpath: //input[@id='next-button']]
2022-07-03 21:07:521 INFO  HomePage :28 - Clicking on no [[ChromeDriver: chrome on WINDOWS (ced5416de9dc0081d253b88b346fc936)] -> xpath: //input[@id='radio-no']]
2022-07-03 21:07:317 INFO  HomePage :32 - Clicking on next [[ChromeDriver: chrome on WINDOWS (ced5416de9dc0081d253b88b346fc936)] -> xpath: //input[@id='next-button']]
2022-07-03 21:07:382 INFO  HomePage :28 - Clicking on no [[ChromeDriver: chrome on WINDOWS (ced5416de9dc0081d253b88b346fc936)] -> xpath: //input[@id='radio-no']]
2022-07-03 21:07:954 INFO  HomePage :32 - Clicking on next [[ChromeDriver: chrome on WINDOWS (ced5416de9dc0081d253b88b346fc936)] -> xpath: //input[@id='next-button']]
2022-07-03 21:07:18 INFO  HomePage :27 - Clicking on no [[ChromeDriver: chrome on WINDOWS (ced5416de9dc0081d253b88b346fc936)] -> xpath: //input[@id='radio-no']]
2022-07-03 21:07:357 INFO  HomePage :31 - Clicking on next [[ChromeDriver: chrome on WINDOWS (ced5416de9dc0081d253b88b346fc936)] -> xpath: //input[@id='next-button']]
2022-07-03 21:07:441 INFO  HomePage :27 - Clicking on no [[ChromeDriver: chrome on WINDOWS (ced5416de9dc0081d253b88b346fc936)] -> xpath: //input[@id='radio-no']]
2022-07-03 21:07:748 INFO  HomePage :31 - Clicking on next [[ChromeDriver: chrome on WINDOWS (ced5416de9dc0081d253b88b346fc936)] -> xpath: //input[@id='next-button']]
2022-07-03 21:07:828 INFO  HomePage :28 - Clicking on no [[ChromeDriver: chrome on WINDOWS (ced5416de9dc0081d253b88b346fc936)] -> xpath: //input[@id='radio-no']]
2022-07-03 21:07:132 INFO  HomePage :32 - Clicking on next [[ChromeDriver: chrome on WINDOWS (ced5416de9dc0081d253b88b346fc936)] -> xpath: //input[@class='button']]
2022-07-03 21:07:189 INFO  HomePage :23 - Verify Text displaye on page Proxy element for: DefaultElementLocator 'By.xpath: //h1[@id='result-heading']'
2022-07-03 21:07:811 INFO  ManageDriver :33 - Launching Chrome Browser
2022-07-03 21:07:95 INFO  HomePage :33 - Clicking on start accept cookies[[ChromeDriver: chrome on WINDOWS (611fa177a31b86a91f75bf74a40ce234)] -> xpath: //button[@id='nhsuk-cookie-banner__link_accept_analytics']]
2022-07-03 21:07:598 INFO  HomePage :39 - Clicking on start Button[[ChromeDriver: chrome on WINDOWS (611fa177a31b86a91f75bf74a40ce234)] -> xpath: //input[@id='next-button']]
2022-07-03 21:07:681 INFO  HomePage :29 - Clicking on wales[[ChromeDriver: chrome on WINDOWS (611fa177a31b86a91f75bf74a40ce234)] -> xpath: //input[@id='radio-wales']]
2022-07-03 21:07:59 INFO  HomePage :34 - Clicking on next[[ChromeDriver: chrome on WINDOWS (611fa177a31b86a91f75bf74a40ce234)] -> xpath: //input[@id='next-button']]
2022-07-03 21:07:135 INFO  HomePage :25 - Clicking on yes [[ChromeDriver: chrome on WINDOWS (611fa177a31b86a91f75bf74a40ce234)] -> xpath: //input[@id='radio-yes']]
2022-07-03 21:07:643 INFO  HomePage :30 - Clicking on next [[ChromeDriver: chrome on WINDOWS (611fa177a31b86a91f75bf74a40ce234)] -> xpath: //input[@id='next-button']]
2022-07-03 21:07:700 INFO  HomePage :26 - Clicking on wales  [[ChromeDriver: chrome on WINDOWS (611fa177a31b86a91f75bf74a40ce234)] -> xpath: //input[@id='radio-wales']]
2022-07-03 21:07:375 INFO  HomePage :31 - Clicking on next [[ChromeDriver: chrome on WINDOWS (611fa177a31b86a91f75bf74a40ce234)] -> xpath: //input[@id='next-button']]
2022-07-03 21:07:383 INFO  HomePage :31 - Enter date 1 to date field 1
2022-07-03 21:07:475 INFO  HomePage :36 - Enter month 02 to Month field [[ChromeDriver: chrome on WINDOWS (611fa177a31b86a91f75bf74a40ce234)] -> xpath: //input[@id='dob-month']]
2022-07-03 21:07:559 INFO  HomePage :41 - Enter Year 2000 to Year  field [[ChromeDriver: chrome on WINDOWS (611fa177a31b86a91f75bf74a40ce234)] -> xpath: //input[@id='dob-year']]
2022-07-03 21:07:279 INFO  HomePage :47 - Clicking on next [[ChromeDriver: chrome on WINDOWS (611fa177a31b86a91f75bf74a40ce234)] -> xpath: //input[@id='next-button']]
2022-07-03 21:07:373 INFO  HomePage :28 - Clicking on my yes [[ChromeDriver: chrome on WINDOWS (611fa177a31b86a91f75bf74a40ce234)] -> xpath: //input[@id='radio-yes']]
2022-07-03 21:07:836 INFO  HomePage :33 - Clicking on next [[ChromeDriver: chrome on WINDOWS (611fa177a31b86a91f75bf74a40ce234)] -> xpath: //input[@id='next-button']]
2022-07-03 21:07:359 INFO  HomePage :33 - Clicking on next [[ChromeDriver: chrome on WINDOWS (611fa177a31b86a91f75bf74a40ce234)] -> xpath: //input[@id='next-button']]
2022-07-03 21:07:426 INFO  HomePage :27 - Clicking on no [[ChromeDriver: chrome on WINDOWS (611fa177a31b86a91f75bf74a40ce234)] -> xpath: //input[@id='radio-no']]
2022-07-03 21:07:934 INFO  HomePage :31 - Clicking on next [[ChromeDriver: chrome on WINDOWS (611fa177a31b86a91f75bf74a40ce234)] -> xpath: //input[@id='next-button']]
2022-07-03 21:07:05 INFO  HomePage :28 - Clicking on no [[ChromeDriver: chrome on WINDOWS (611fa177a31b86a91f75bf74a40ce234)] -> xpath: //input[@id='radio-no']]
2022-07-03 21:07:574 INFO  HomePage :32 - Clicking on next [[ChromeDriver: chrome on WINDOWS (611fa177a31b86a91f75bf74a40ce234)] -> xpath: //input[@id='next-button']]
2022-07-03 21:07:638 INFO  HomePage :28 - Clicking on no [[ChromeDriver: chrome on WINDOWS (611fa177a31b86a91f75bf74a40ce234)] -> xpath: //input[@id='radio-no']]
2022-07-03 21:07:295 INFO  HomePage :32 - Clicking on next [[ChromeDriver: chrome on WINDOWS (611fa177a31b86a91f75bf74a40ce234)] -> xpath: //input[@id='next-button']]
2022-07-03 21:07:358 INFO  HomePage :27 - Clicking on no [[ChromeDriver: chrome on WINDOWS (611fa177a31b86a91f75bf74a40ce234)] -> xpath: //input[@id='radio-no']]
2022-07-03 21:07:256 INFO  HomePage :31 - Clicking on next [[ChromeDriver: chrome on WINDOWS (611fa177a31b86a91f75bf74a40ce234)] -> xpath: //input[@id='next-button']]
2022-07-03 21:07:334 INFO  HomePage :27 - Clicking on no [[ChromeDriver: chrome on WINDOWS (611fa177a31b86a91f75bf74a40ce234)] -> xpath: //input[@id='radio-no']]
2022-07-03 21:07:793 INFO  HomePage :31 - Clicking on next [[ChromeDriver: chrome on WINDOWS (611fa177a31b86a91f75bf74a40ce234)] -> xpath: //input[@id='next-button']]
2022-07-03 21:07:869 INFO  HomePage :28 - Clicking on no [[ChromeDriver: chrome on WINDOWS (611fa177a31b86a91f75bf74a40ce234)] -> xpath: //input[@id='radio-no']]
2022-07-03 21:07:541 INFO  HomePage :32 - Clicking on next [[ChromeDriver: chrome on WINDOWS (611fa177a31b86a91f75bf74a40ce234)] -> xpath: //input[@class='button']]
2022-07-03 21:07:567 INFO  HomePage :23 - Verify Text displaye on page Proxy element for: DefaultElementLocator 'By.xpath: //h1[@id='result-heading']'
2022-07-03 21:07:987 INFO  ManageDriver :33 - Launching Chrome Browser
2022-07-03 21:07:975 INFO  HomePage :33 - Clicking on start accept cookies[[ChromeDriver: chrome on WINDOWS (92e0c4480a642f436f01b1a155efb931)] -> xpath: //button[@id='nhsuk-cookie-banner__link_accept_analytics']]
2022-07-03 21:07:825 INFO  HomePage :39 - Clicking on start Button[[ChromeDriver: chrome on WINDOWS (92e0c4480a642f436f01b1a155efb931)] -> xpath: //input[@id='next-button']]
2022-07-03 21:07:910 INFO  HomePage :29 - Clicking on wales[[ChromeDriver: chrome on WINDOWS (92e0c4480a642f436f01b1a155efb931)] -> xpath: //input[@id='radio-wales']]
2022-07-03 21:07:289 INFO  HomePage :34 - Clicking on next[[ChromeDriver: chrome on WINDOWS (92e0c4480a642f436f01b1a155efb931)] -> xpath: //input[@id='next-button']]
2022-07-03 21:07:352 INFO  HomePage :25 - Clicking on yes [[ChromeDriver: chrome on WINDOWS (92e0c4480a642f436f01b1a155efb931)] -> xpath: //input[@id='radio-yes']]
2022-07-03 21:07:681 INFO  HomePage :30 - Clicking on next [[ChromeDriver: chrome on WINDOWS (92e0c4480a642f436f01b1a155efb931)] -> xpath: //input[@id='next-button']]
2022-07-03 21:07:753 INFO  HomePage :26 - Clicking on wales  [[ChromeDriver: chrome on WINDOWS (92e0c4480a642f436f01b1a155efb931)] -> xpath: //input[@id='radio-wales']]
2022-07-03 21:07:44 INFO  HomePage :31 - Clicking on next [[ChromeDriver: chrome on WINDOWS (92e0c4480a642f436f01b1a155efb931)] -> xpath: //input[@id='next-button']]
2022-07-03 21:07:60 INFO  HomePage :31 - Enter date 1 to date field 1
2022-07-03 21:07:164 INFO  HomePage :36 - Enter month 02 to Month field [[ChromeDriver: chrome on WINDOWS (92e0c4480a642f436f01b1a155efb931)] -> xpath: //input[@id='dob-month']]
2022-07-03 21:07:241 INFO  HomePage :41 - Enter Year 2000 to Year  field [[ChromeDriver: chrome on WINDOWS (92e0c4480a642f436f01b1a155efb931)] -> xpath: //input[@id='dob-year']]
2022-07-03 21:07:640 INFO  HomePage :47 - Clicking on next [[ChromeDriver: chrome on WINDOWS (92e0c4480a642f436f01b1a155efb931)] -> xpath: //input[@id='next-button']]
2022-07-03 21:07:734 INFO  HomePage :28 - Clicking on my yes [[ChromeDriver: chrome on WINDOWS (92e0c4480a642f436f01b1a155efb931)] -> xpath: //input[@id='radio-yes']]
2022-07-03 21:07:70 INFO  HomePage :33 - Clicking on next [[ChromeDriver: chrome on WINDOWS (92e0c4480a642f436f01b1a155efb931)] -> xpath: //input[@id='next-button']]
2022-07-03 21:07:397 INFO  HomePage :33 - Clicking on next [[ChromeDriver: chrome on WINDOWS (92e0c4480a642f436f01b1a155efb931)] -> xpath: //input[@id='next-button']]
2022-07-03 21:07:469 INFO  HomePage :27 - Clicking on no [[ChromeDriver: chrome on WINDOWS (92e0c4480a642f436f01b1a155efb931)] -> xpath: //input[@id='radio-no']]
2022-07-03 21:07:816 INFO  HomePage :31 - Clicking on next [[ChromeDriver: chrome on WINDOWS (92e0c4480a642f436f01b1a155efb931)] -> xpath: //input[@id='next-button']]
2022-07-03 21:07:907 INFO  HomePage :28 - Clicking on no [[ChromeDriver: chrome on WINDOWS (92e0c4480a642f436f01b1a155efb931)] -> xpath: //input[@id='radio-no']]
2022-07-03 21:07:229 INFO  HomePage :32 - Clicking on next [[ChromeDriver: chrome on WINDOWS (92e0c4480a642f436f01b1a155efb931)] -> xpath: //input[@id='next-button']]
2022-07-03 21:07:304 INFO  HomePage :28 - Clicking on no [[ChromeDriver: chrome on WINDOWS (92e0c4480a642f436f01b1a155efb931)] -> xpath: //input[@id='radio-no']]
2022-07-03 21:07:294 INFO  HomePage :32 - Clicking on next [[ChromeDriver: chrome on WINDOWS (92e0c4480a642f436f01b1a155efb931)] -> xpath: //input[@id='next-button']]
2022-07-03 21:07:375 INFO  HomePage :27 - Clicking on no [[ChromeDriver: chrome on WINDOWS (92e0c4480a642f436f01b1a155efb931)] -> xpath: //input[@id='radio-no']]
2022-07-03 21:07:680 INFO  HomePage :31 - Clicking on next [[ChromeDriver: chrome on WINDOWS (92e0c4480a642f436f01b1a155efb931)] -> xpath: //input[@id='next-button']]
2022-07-03 21:07:735 INFO  HomePage :27 - Clicking on no [[ChromeDriver: chrome on WINDOWS (92e0c4480a642f436f01b1a155efb931)] -> xpath: //input[@id='radio-no']]
2022-07-03 21:07:100 INFO  HomePage :31 - Clicking on next [[ChromeDriver: chrome on WINDOWS (92e0c4480a642f436f01b1a155efb931)] -> xpath: //input[@id='next-button']]
2022-07-03 21:07:172 INFO  HomePage :28 - Clicking on no [[ChromeDriver: chrome on WINDOWS (92e0c4480a642f436f01b1a155efb931)] -> xpath: //input[@id='radio-no']]
2022-07-03 21:07:524 INFO  HomePage :32 - Clicking on next [[ChromeDriver: chrome on WINDOWS (92e0c4480a642f436f01b1a155efb931)] -> xpath: //input[@class='button']]
2022-07-03 21:07:621 INFO  HomePage :23 - Verify Text displaye on page Proxy element for: DefaultElementLocator 'By.xpath: //h1[@id='result-heading']'
2022-07-05 16:07:229 INFO  ManageDriver :33 - Launching Chrome Browser
2022-07-05 16:07:59 INFO  HomePage :33 - Clicking on start accept cookies[[ChromeDriver: chrome on WINDOWS (b4b94edff8b8d49f335a31bb56465dfc)] -> xpath: //button[@id='nhsuk-cookie-banner__link_accept_analytics']]
2022-07-05 16:07:621 INFO  HomePage :39 - Clicking on start Button[[ChromeDriver: chrome on WINDOWS (b4b94edff8b8d49f335a31bb56465dfc)] -> xpath: //input[@id='next-button']]
2022-07-05 16:07:727 INFO  HomePage :29 - Clicking on wales[[ChromeDriver: chrome on WINDOWS (b4b94edff8b8d49f335a31bb56465dfc)] -> xpath: //input[@id='radio-wales']]
2022-07-05 16:07:100 INFO  HomePage :34 - Clicking on next[[ChromeDriver: chrome on WINDOWS (b4b94edff8b8d49f335a31bb56465dfc)] -> xpath: //input[@id='next-button']]
2022-07-05 16:07:197 INFO  HomePage :25 - Clicking on yes [[ChromeDriver: chrome on WINDOWS (b4b94edff8b8d49f335a31bb56465dfc)] -> xpath: //input[@id='radio-yes']]
2022-07-05 16:07:554 INFO  HomePage :30 - Clicking on next [[ChromeDriver: chrome on WINDOWS (b4b94edff8b8d49f335a31bb56465dfc)] -> xpath: //input[@id='next-button']]
2022-07-05 16:07:636 INFO  HomePage :26 - Clicking on wales  [[ChromeDriver: chrome on WINDOWS (b4b94edff8b8d49f335a31bb56465dfc)] -> xpath: //input[@id='radio-wales']]
2022-07-05 16:07:956 INFO  HomePage :31 - Clicking on next [[ChromeDriver: chrome on WINDOWS (b4b94edff8b8d49f335a31bb56465dfc)] -> xpath: //input[@id='next-button']]
2022-07-05 16:07:969 INFO  HomePage :31 - Enter date 1 to date field 1
2022-07-05 16:07:97 INFO  HomePage :36 - Enter month 02 to Month field [[ChromeDriver: chrome on WINDOWS (b4b94edff8b8d49f335a31bb56465dfc)] -> xpath: //input[@id='dob-month']]
2022-07-05 16:07:182 INFO  HomePage :41 - Enter Year 2000 to Year  field [[ChromeDriver: chrome on WINDOWS (b4b94edff8b8d49f335a31bb56465dfc)] -> xpath: //input[@id='dob-year']]
2022-07-05 16:07:535 INFO  HomePage :47 - Clicking on next [[ChromeDriver: chrome on WINDOWS (b4b94edff8b8d49f335a31bb56465dfc)] -> xpath: //input[@id='next-button']]
2022-07-05 16:07:610 INFO  HomePage :28 - Clicking on my yes [[ChromeDriver: chrome on WINDOWS (b4b94edff8b8d49f335a31bb56465dfc)] -> xpath: //input[@id='radio-yes']]
2022-07-05 16:07:931 INFO  HomePage :33 - Clicking on next [[ChromeDriver: chrome on WINDOWS (b4b94edff8b8d49f335a31bb56465dfc)] -> xpath: //input[@id='next-button']]
2022-07-05 16:07:214 INFO  HomePage :33 - Clicking on next [[ChromeDriver: chrome on WINDOWS (b4b94edff8b8d49f335a31bb56465dfc)] -> xpath: //input[@id='next-button']]
2022-07-05 16:07:331 INFO  HomePage :27 - Clicking on no [[ChromeDriver: chrome on WINDOWS (b4b94edff8b8d49f335a31bb56465dfc)] -> xpath: //input[@id='radio-no']]
2022-07-05 16:07:619 INFO  HomePage :31 - Clicking on next [[ChromeDriver: chrome on WINDOWS (b4b94edff8b8d49f335a31bb56465dfc)] -> xpath: //input[@id='next-button']]
2022-07-05 16:07:699 INFO  HomePage :28 - Clicking on no [[ChromeDriver: chrome on WINDOWS (b4b94edff8b8d49f335a31bb56465dfc)] -> xpath: //input[@id='radio-no']]
2022-07-05 16:07:35 INFO  HomePage :32 - Clicking on next [[ChromeDriver: chrome on WINDOWS (b4b94edff8b8d49f335a31bb56465dfc)] -> xpath: //input[@id='next-button']]
2022-07-05 16:07:115 INFO  HomePage :28 - Clicking on no [[ChromeDriver: chrome on WINDOWS (b4b94edff8b8d49f335a31bb56465dfc)] -> xpath: //input[@id='radio-no']]
2022-07-05 16:07:421 INFO  HomePage :32 - Clicking on next [[ChromeDriver: chrome on WINDOWS (b4b94edff8b8d49f335a31bb56465dfc)] -> xpath: //input[@id='next-button']]
2022-07-05 16:07:484 INFO  HomePage :27 - Clicking on no [[ChromeDriver: chrome on WINDOWS (b4b94edff8b8d49f335a31bb56465dfc)] -> xpath: //input[@id='radio-no']]
2022-07-05 16:07:790 INFO  HomePage :31 - Clicking on next [[ChromeDriver: chrome on WINDOWS (b4b94edff8b8d49f335a31bb56465dfc)] -> xpath: //input[@id='next-button']]
2022-07-05 16:07:870 INFO  HomePage :27 - Clicking on no [[ChromeDriver: chrome on WINDOWS (b4b94edff8b8d49f335a31bb56465dfc)] -> xpath: //input[@id='radio-no']]
2022-07-05 16:07:169 INFO  HomePage :31 - Clicking on next [[ChromeDriver: chrome on WINDOWS (b4b94edff8b8d49f335a31bb56465dfc)] -> xpath: //input[@id='next-button']]
2022-07-05 16:07:252 INFO  HomePage :28 - Clicking on no [[ChromeDriver: chrome on WINDOWS (b4b94edff8b8d49f335a31bb56465dfc)] -> xpath: //input[@id='radio-no']]
2022-07-05 16:07:568 INFO  HomePage :32 - Clicking on next [[ChromeDriver: chrome on WINDOWS (b4b94edff8b8d49f335a31bb56465dfc)] -> xpath: //input[@class='button']]
2022-07-05 16:07:657 INFO  HomePage :23 - Verify Text displaye on page Proxy element for: DefaultElementLocator 'By.xpath: //h1[@id='result-heading']'
2022-07-06 10:07:328 INFO  ManageDriver :33 - Launching Chrome Browser
2022-07-06 10:07:282 INFO  HomePage :33 - Clicking on start accept cookies[[ChromeDriver: chrome on WINDOWS (54c58bbbfef229cd9c23e896294b204a)] -> xpath: //button[@id='nhsuk-cookie-banner__link_accept_analytics']]
2022-07-06 10:07:671 INFO  HomePage :39 - Clicking on start Button[[ChromeDriver: chrome on WINDOWS (54c58bbbfef229cd9c23e896294b204a)] -> xpath: //input[@id='next-button']]
2022-07-06 10:07:784 INFO  HomePage :29 - Clicking on wales[[ChromeDriver: chrome on WINDOWS (54c58bbbfef229cd9c23e896294b204a)] -> xpath: //input[@id='radio-wales']]
2022-07-06 10:07:136 INFO  HomePage :34 - Clicking on next[[ChromeDriver: chrome on WINDOWS (54c58bbbfef229cd9c23e896294b204a)] -> xpath: //input[@id='next-button']]
2022-07-06 10:07:214 INFO  HomePage :25 - Clicking on yes [[ChromeDriver: chrome on WINDOWS (54c58bbbfef229cd9c23e896294b204a)] -> xpath: //input[@id='radio-yes']]
2022-07-06 10:07:542 INFO  HomePage :30 - Clicking on next [[ChromeDriver: chrome on WINDOWS (54c58bbbfef229cd9c23e896294b204a)] -> xpath: //input[@id='next-button']]
2022-07-06 10:07:611 INFO  HomePage :26 - Clicking on wales  [[ChromeDriver: chrome on WINDOWS (54c58bbbfef229cd9c23e896294b204a)] -> xpath: //input[@id='radio-wales']]
2022-07-06 10:07:924 INFO  HomePage :31 - Clicking on next [[ChromeDriver: chrome on WINDOWS (54c58bbbfef229cd9c23e896294b204a)] -> xpath: //input[@id='next-button']]
2022-07-06 10:07:932 INFO  HomePage :31 - Enter date 1 to date field 1
2022-07-06 10:07:82 INFO  HomePage :36 - Enter month 02 to Month field [[ChromeDriver: chrome on WINDOWS (54c58bbbfef229cd9c23e896294b204a)] -> xpath: //input[@id='dob-month']]
2022-07-06 10:07:186 INFO  HomePage :41 - Enter Year 2000 to Year  field [[ChromeDriver: chrome on WINDOWS (54c58bbbfef229cd9c23e896294b204a)] -> xpath: //input[@id='dob-year']]
2022-07-06 10:07:599 INFO  HomePage :47 - Clicking on next [[ChromeDriver: chrome on WINDOWS (54c58bbbfef229cd9c23e896294b204a)] -> xpath: //input[@id='next-button']]
2022-07-06 10:07:670 INFO  HomePage :28 - Clicking on my yes [[ChromeDriver: chrome on WINDOWS (54c58bbbfef229cd9c23e896294b204a)] -> xpath: //input[@id='radio-yes']]
2022-07-06 10:07:953 INFO  HomePage :33 - Clicking on next [[ChromeDriver: chrome on WINDOWS (54c58bbbfef229cd9c23e896294b204a)] -> xpath: //input[@id='next-button']]
2022-07-06 10:07:293 INFO  HomePage :33 - Clicking on next [[ChromeDriver: chrome on WINDOWS (54c58bbbfef229cd9c23e896294b204a)] -> xpath: //input[@id='next-button']]
2022-07-06 10:07:389 INFO  HomePage :27 - Clicking on no [[ChromeDriver: chrome on WINDOWS (54c58bbbfef229cd9c23e896294b204a)] -> xpath: //input[@id='radio-no']]
2022-07-06 10:07:712 INFO  HomePage :31 - Clicking on next [[ChromeDriver: chrome on WINDOWS (54c58bbbfef229cd9c23e896294b204a)] -> xpath: //input[@id='next-button']]
2022-07-06 10:07:788 INFO  HomePage :28 - Clicking on no [[ChromeDriver: chrome on WINDOWS (54c58bbbfef229cd9c23e896294b204a)] -> xpath: //input[@id='radio-no']]
2022-07-06 10:07:92 INFO  HomePage :32 - Clicking on next [[ChromeDriver: chrome on WINDOWS (54c58bbbfef229cd9c23e896294b204a)] -> xpath: //input[@id='next-button']]
2022-07-06 10:07:162 INFO  HomePage :28 - Clicking on no [[ChromeDriver: chrome on WINDOWS (54c58bbbfef229cd9c23e896294b204a)] -> xpath: //input[@id='radio-no']]
2022-07-06 10:07:432 INFO  HomePage :32 - Clicking on next [[ChromeDriver: chrome on WINDOWS (54c58bbbfef229cd9c23e896294b204a)] -> xpath: //input[@id='next-button']]
2022-07-06 10:07:500 INFO  HomePage :27 - Clicking on no [[ChromeDriver: chrome on WINDOWS (54c58bbbfef229cd9c23e896294b204a)] -> xpath: //input[@id='radio-no']]
2022-07-06 10:07:817 INFO  HomePage :31 - Clicking on next [[ChromeDriver: chrome on WINDOWS (54c58bbbfef229cd9c23e896294b204a)] -> xpath: //input[@id='next-button']]
2022-07-06 10:07:897 INFO  HomePage :27 - Clicking on no [[ChromeDriver: chrome on WINDOWS (54c58bbbfef229cd9c23e896294b204a)] -> xpath: //input[@id='radio-no']]
2022-07-06 10:07:212 INFO  HomePage :31 - Clicking on next [[ChromeDriver: chrome on WINDOWS (54c58bbbfef229cd9c23e896294b204a)] -> xpath: //input[@id='next-button']]
2022-07-06 10:07:292 INFO  HomePage :28 - Clicking on no [[ChromeDriver: chrome on WINDOWS (54c58bbbfef229cd9c23e896294b204a)] -> xpath: //input[@id='radio-no']]
2022-07-06 10:07:609 INFO  HomePage :32 - Clicking on next [[ChromeDriver: chrome on WINDOWS (54c58bbbfef229cd9c23e896294b204a)] -> xpath: //input[@class='button']]
2022-07-06 10:07:683 INFO  HomePage :23 - Verify Text displaye on page Proxy element for: DefaultElementLocator 'By.xpath: //h1[@id='result-heading']'
2022-07-06 11:07:464 INFO  ManageDriver :33 - Launching Chrome Browser
2022-07-06 11:07:800 INFO  HomePage :33 - Clicking on start accept cookies[[ChromeDriver: chrome on WINDOWS (2a7de3e6b25b69a5055158d957f3e355)] -> xpath: //button[@id='nhsuk-cookie-banner__link_accept_analytics']]
2022-07-06 11:07:219 INFO  HomePage :39 - Clicking on start Button[[ChromeDriver: chrome on WINDOWS (2a7de3e6b25b69a5055158d957f3e355)] -> xpath: //input[@id='next-button']]
2022-07-06 11:07:322 INFO  HomePage :29 - Clicking on wales[[ChromeDriver: chrome on WINDOWS (2a7de3e6b25b69a5055158d957f3e355)] -> xpath: //input[@id='radio-wales']]
2022-07-06 11:07:647 INFO  HomePage :34 - Clicking on next[[ChromeDriver: chrome on WINDOWS (2a7de3e6b25b69a5055158d957f3e355)] -> xpath: //input[@id='next-button']]
2022-07-06 11:07:722 INFO  HomePage :25 - Clicking on yes [[ChromeDriver: chrome on WINDOWS (2a7de3e6b25b69a5055158d957f3e355)] -> xpath: //input[@id='radio-yes']]
2022-07-06 11:07:93 INFO  HomePage :30 - Clicking on next [[ChromeDriver: chrome on WINDOWS (2a7de3e6b25b69a5055158d957f3e355)] -> xpath: //input[@id='next-button']]
2022-07-06 11:07:151 INFO  HomePage :26 - Clicking on wales  [[ChromeDriver: chrome on WINDOWS (2a7de3e6b25b69a5055158d957f3e355)] -> xpath: //input[@id='radio-wales']]
2022-07-06 11:07:681 INFO  HomePage :31 - Clicking on next [[ChromeDriver: chrome on WINDOWS (2a7de3e6b25b69a5055158d957f3e355)] -> xpath: //input[@id='next-button']]
2022-07-06 11:07:689 INFO  HomePage :31 - Enter date 1 to date field 1
2022-07-06 11:07:821 INFO  HomePage :36 - Enter month 02 to Month field [[ChromeDriver: chrome on WINDOWS (2a7de3e6b25b69a5055158d957f3e355)] -> xpath: //input[@id='dob-month']]
2022-07-06 11:07:910 INFO  HomePage :41 - Enter Year 2000 to Year  field [[ChromeDriver: chrome on WINDOWS (2a7de3e6b25b69a5055158d957f3e355)] -> xpath: //input[@id='dob-year']]
2022-07-06 11:07:295 INFO  HomePage :47 - Clicking on next [[ChromeDriver: chrome on WINDOWS (2a7de3e6b25b69a5055158d957f3e355)] -> xpath: //input[@id='next-button']]
2022-07-06 11:07:370 INFO  HomePage :28 - Clicking on my yes [[ChromeDriver: chrome on WINDOWS (2a7de3e6b25b69a5055158d957f3e355)] -> xpath: //input[@id='radio-yes']]
2022-07-06 11:07:773 INFO  HomePage :33 - Clicking on next [[ChromeDriver: chrome on WINDOWS (2a7de3e6b25b69a5055158d957f3e355)] -> xpath: //input[@id='next-button']]
2022-07-06 11:07:167 INFO  HomePage :33 - Clicking on next [[ChromeDriver: chrome on WINDOWS (2a7de3e6b25b69a5055158d957f3e355)] -> xpath: //input[@id='next-button']]
2022-07-06 11:07:241 INFO  HomePage :27 - Clicking on no [[ChromeDriver: chrome on WINDOWS (2a7de3e6b25b69a5055158d957f3e355)] -> xpath: //input[@id='radio-no']]
2022-07-06 11:07:530 INFO  HomePage :31 - Clicking on next [[ChromeDriver: chrome on WINDOWS (2a7de3e6b25b69a5055158d957f3e355)] -> xpath: //input[@id='next-button']]
2022-07-06 11:07:607 INFO  HomePage :28 - Clicking on no [[ChromeDriver: chrome on WINDOWS (2a7de3e6b25b69a5055158d957f3e355)] -> xpath: //input[@id='radio-no']]
2022-07-06 11:07:949 INFO  HomePage :32 - Clicking on next [[ChromeDriver: chrome on WINDOWS (2a7de3e6b25b69a5055158d957f3e355)] -> xpath: //input[@id='next-button']]
2022-07-06 11:07:13 INFO  HomePage :28 - Clicking on no [[ChromeDriver: chrome on WINDOWS (2a7de3e6b25b69a5055158d957f3e355)] -> xpath: //input[@id='radio-no']]
2022-07-06 11:07:310 INFO  HomePage :32 - Clicking on next [[ChromeDriver: chrome on WINDOWS (2a7de3e6b25b69a5055158d957f3e355)] -> xpath: //input[@id='next-button']]
2022-07-06 11:07:396 INFO  HomePage :27 - Clicking on no [[ChromeDriver: chrome on WINDOWS (2a7de3e6b25b69a5055158d957f3e355)] -> xpath: //input[@id='radio-no']]
2022-07-06 11:07:717 INFO  HomePage :31 - Clicking on next [[ChromeDriver: chrome on WINDOWS (2a7de3e6b25b69a5055158d957f3e355)] -> xpath: //input[@id='next-button']]
2022-07-06 11:07:782 INFO  HomePage :27 - Clicking on no [[ChromeDriver: chrome on WINDOWS (2a7de3e6b25b69a5055158d957f3e355)] -> xpath: //input[@id='radio-no']]
2022-07-06 11:07:133 INFO  HomePage :31 - Clicking on next [[ChromeDriver: chrome on WINDOWS (2a7de3e6b25b69a5055158d957f3e355)] -> xpath: //input[@id='next-button']]
2022-07-06 11:07:195 INFO  HomePage :28 - Clicking on no [[ChromeDriver: chrome on WINDOWS (2a7de3e6b25b69a5055158d957f3e355)] -> xpath: //input[@id='radio-no']]
2022-07-06 11:07:493 INFO  HomePage :32 - Clicking on next [[ChromeDriver: chrome on WINDOWS (2a7de3e6b25b69a5055158d957f3e355)] -> xpath: //input[@class='button']]
2022-07-06 11:07:567 INFO  HomePage :23 - Verify Text displaye on page Proxy element for: DefaultElementLocator 'By.xpath: //h1[@id='result-heading']'
2022-07-06 11:07:730 INFO  ManageDriver :33 - Launching Chrome Browser
2022-07-06 11:07:297 INFO  HomePage :33 - Clicking on start accept cookies[[ChromeDriver: chrome on WINDOWS (7338e9d0a4c22c62a6030f0718482f34)] -> xpath: //button[@id='nhsuk-cookie-banner__link_accept_analytics']]
2022-07-06 11:07:710 INFO  HomePage :39 - Clicking on start Button[[ChromeDriver: chrome on WINDOWS (7338e9d0a4c22c62a6030f0718482f34)] -> xpath: //input[@id='next-button']]
2022-07-06 11:07:786 INFO  HomePage :29 - Clicking on wales[[ChromeDriver: chrome on WINDOWS (7338e9d0a4c22c62a6030f0718482f34)] -> xpath: //input[@id='radio-wales']]
2022-07-06 11:07:120 INFO  HomePage :34 - Clicking on next[[ChromeDriver: chrome on WINDOWS (7338e9d0a4c22c62a6030f0718482f34)] -> xpath: //input[@id='next-button']]
2022-07-06 11:07:191 INFO  HomePage :25 - Clicking on yes [[ChromeDriver: chrome on WINDOWS (7338e9d0a4c22c62a6030f0718482f34)] -> xpath: //input[@id='radio-yes']]
2022-07-06 11:07:535 INFO  HomePage :30 - Clicking on next [[ChromeDriver: chrome on WINDOWS (7338e9d0a4c22c62a6030f0718482f34)] -> xpath: //input[@id='next-button']]
2022-07-06 11:07:603 INFO  HomePage :26 - Clicking on wales  [[ChromeDriver: chrome on WINDOWS (7338e9d0a4c22c62a6030f0718482f34)] -> xpath: //input[@id='radio-wales']]
2022-07-06 11:07:943 INFO  HomePage :31 - Clicking on next [[ChromeDriver: chrome on WINDOWS (7338e9d0a4c22c62a6030f0718482f34)] -> xpath: //input[@id='next-button']]
2022-07-06 11:07:951 INFO  HomePage :31 - Enter date 1 to date field 1
2022-07-06 11:07:78 INFO  HomePage :36 - Enter month 02 to Month field [[ChromeDriver: chrome on WINDOWS (7338e9d0a4c22c62a6030f0718482f34)] -> xpath: //input[@id='dob-month']]
2022-07-06 11:07:167 INFO  HomePage :41 - Enter Year 2000 to Year  field [[ChromeDriver: chrome on WINDOWS (7338e9d0a4c22c62a6030f0718482f34)] -> xpath: //input[@id='dob-year']]
2022-07-06 11:07:559 INFO  HomePage :47 - Clicking on next [[ChromeDriver: chrome on WINDOWS (7338e9d0a4c22c62a6030f0718482f34)] -> xpath: //input[@id='next-button']]
2022-07-06 11:07:627 INFO  HomePage :28 - Clicking on my yes [[ChromeDriver: chrome on WINDOWS (7338e9d0a4c22c62a6030f0718482f34)] -> xpath: //input[@id='radio-yes']]
2022-07-06 11:07:991 INFO  HomePage :33 - Clicking on next [[ChromeDriver: chrome on WINDOWS (7338e9d0a4c22c62a6030f0718482f34)] -> xpath: //input[@id='next-button']]
2022-07-06 11:07:344 INFO  HomePage :33 - Clicking on next [[ChromeDriver: chrome on WINDOWS (7338e9d0a4c22c62a6030f0718482f34)] -> xpath: //input[@id='next-button']]
2022-07-06 11:07:424 INFO  HomePage :27 - Clicking on no [[ChromeDriver: chrome on WINDOWS (7338e9d0a4c22c62a6030f0718482f34)] -> xpath: //input[@id='radio-no']]
2022-07-06 11:07:756 INFO  HomePage :31 - Clicking on next [[ChromeDriver: chrome on WINDOWS (7338e9d0a4c22c62a6030f0718482f34)] -> xpath: //input[@id='next-button']]
2022-07-06 11:07:828 INFO  HomePage :28 - Clicking on no [[ChromeDriver: chrome on WINDOWS (7338e9d0a4c22c62a6030f0718482f34)] -> xpath: //input[@id='radio-no']]
2022-07-06 11:07:178 INFO  HomePage :32 - Clicking on next [[ChromeDriver: chrome on WINDOWS (7338e9d0a4c22c62a6030f0718482f34)] -> xpath: //input[@id='next-button']]
2022-07-06 11:07:248 INFO  HomePage :28 - Clicking on no [[ChromeDriver: chrome on WINDOWS (7338e9d0a4c22c62a6030f0718482f34)] -> xpath: //input[@id='radio-no']]
2022-07-06 11:07:530 INFO  HomePage :32 - Clicking on next [[ChromeDriver: chrome on WINDOWS (7338e9d0a4c22c62a6030f0718482f34)] -> xpath: //input[@id='next-button']]
2022-07-06 11:07:607 INFO  HomePage :27 - Clicking on no [[ChromeDriver: chrome on WINDOWS (7338e9d0a4c22c62a6030f0718482f34)] -> xpath: //input[@id='radio-no']]
2022-07-06 11:07:903 INFO  HomePage :31 - Clicking on next [[ChromeDriver: chrome on WINDOWS (7338e9d0a4c22c62a6030f0718482f34)] -> xpath: //input[@id='next-button']]
2022-07-06 11:07:971 INFO  HomePage :27 - Clicking on no [[ChromeDriver: chrome on WINDOWS (7338e9d0a4c22c62a6030f0718482f34)] -> xpath: //input[@id='radio-no']]
2022-07-06 11:07:273 INFO  HomePage :31 - Clicking on next [[ChromeDriver: chrome on WINDOWS (7338e9d0a4c22c62a6030f0718482f34)] -> xpath: //input[@id='next-button']]
2022-07-06 11:07:361 INFO  HomePage :28 - Clicking on no [[ChromeDriver: chrome on WINDOWS (7338e9d0a4c22c62a6030f0718482f34)] -> xpath: //input[@id='radio-yes']]
2022-07-06 11:07:712 INFO  HomePage :32 - Clicking on next [[ChromeDriver: chrome on WINDOWS (7338e9d0a4c22c62a6030f0718482f34)] -> xpath: //input[@class='button']]
2022-07-06 11:07:738 INFO  HomePage :23 - Verify Text displaye on page Proxy element for: DefaultElementLocator 'By.xpath: //h1[@id='result-heading']'
2022-07-06 11:07:856 INFO  ManageDriver :33 - Launching Chrome Browser
2022-07-06 11:07:372 INFO  HomePage :33 - Clicking on start accept cookies[[ChromeDriver: chrome on WINDOWS (0dccef036ac5f6d46dfb8913f29ad83e)] -> xpath: //button[@id='nhsuk-cookie-banner__link_accept_analytics']]
2022-07-06 11:07:767 INFO  HomePage :39 - Clicking on start Button[[ChromeDriver: chrome on WINDOWS (0dccef036ac5f6d46dfb8913f29ad83e)] -> xpath: //input[@id='next-button']]
2022-07-06 11:07:866 INFO  HomePage :29 - Clicking on wales[[ChromeDriver: chrome on WINDOWS (0dccef036ac5f6d46dfb8913f29ad83e)] -> xpath: //input[@id='radio-wales']]
2022-07-06 11:07:282 INFO  HomePage :34 - Clicking on next[[ChromeDriver: chrome on WINDOWS (0dccef036ac5f6d46dfb8913f29ad83e)] -> xpath: //input[@id='next-button']]
2022-07-06 11:07:347 INFO  HomePage :25 - Clicking on yes [[ChromeDriver: chrome on WINDOWS (0dccef036ac5f6d46dfb8913f29ad83e)] -> xpath: //input[@id='radio-yes']]
2022-07-06 11:07:649 INFO  HomePage :30 - Clicking on next [[ChromeDriver: chrome on WINDOWS (0dccef036ac5f6d46dfb8913f29ad83e)] -> xpath: //input[@id='next-button']]
2022-07-06 11:07:707 INFO  HomePage :26 - Clicking on wales  [[ChromeDriver: chrome on WINDOWS (0dccef036ac5f6d46dfb8913f29ad83e)] -> xpath: //input[@id='radio-wales']]
2022-07-06 11:07:34 INFO  HomePage :31 - Clicking on next [[ChromeDriver: chrome on WINDOWS (0dccef036ac5f6d46dfb8913f29ad83e)] -> xpath: //input[@id='next-button']]
2022-07-06 11:07:42 INFO  HomePage :31 - Enter date 1 to date field 1
2022-07-06 11:07:146 INFO  HomePage :36 - Enter month 02 to Month field [[ChromeDriver: chrome on WINDOWS (0dccef036ac5f6d46dfb8913f29ad83e)] -> xpath: //input[@id='dob-month']]
2022-07-06 11:07:240 INFO  HomePage :41 - Enter Year 2000 to Year  field [[ChromeDriver: chrome on WINDOWS (0dccef036ac5f6d46dfb8913f29ad83e)] -> xpath: //input[@id='dob-year']]
2022-07-06 11:07:680 INFO  HomePage :47 - Clicking on next [[ChromeDriver: chrome on WINDOWS (0dccef036ac5f6d46dfb8913f29ad83e)] -> xpath: //input[@id='next-button']]
2022-07-06 11:07:763 INFO  HomePage :28 - Clicking on my yes [[ChromeDriver: chrome on WINDOWS (0dccef036ac5f6d46dfb8913f29ad83e)] -> xpath: //input[@id='radio-yes']]
2022-07-06 11:07:254 INFO  HomePage :33 - Clicking on next [[ChromeDriver: chrome on WINDOWS (0dccef036ac5f6d46dfb8913f29ad83e)] -> xpath: //input[@id='next-button']]
2022-07-06 11:07:666 INFO  HomePage :33 - Clicking on next [[ChromeDriver: chrome on WINDOWS (0dccef036ac5f6d46dfb8913f29ad83e)] -> xpath: //input[@id='next-button']]
2022-07-06 11:07:746 INFO  HomePage :27 - Clicking on no [[ChromeDriver: chrome on WINDOWS (0dccef036ac5f6d46dfb8913f29ad83e)] -> xpath: //input[@id='radio-no']]
2022-07-06 11:07:78 INFO  HomePage :31 - Clicking on next [[ChromeDriver: chrome on WINDOWS (0dccef036ac5f6d46dfb8913f29ad83e)] -> xpath: //input[@id='next-button']]
2022-07-06 11:07:161 INFO  HomePage :28 - Clicking on no [[ChromeDriver: chrome on WINDOWS (0dccef036ac5f6d46dfb8913f29ad83e)] -> xpath: //input[@id='radio-no']]
2022-07-06 11:07:484 INFO  HomePage :32 - Clicking on next [[ChromeDriver: chrome on WINDOWS (0dccef036ac5f6d46dfb8913f29ad83e)] -> xpath: //input[@id='next-button']]
2022-07-06 11:07:548 INFO  HomePage :28 - Clicking on no [[ChromeDriver: chrome on WINDOWS (0dccef036ac5f6d46dfb8913f29ad83e)] -> xpath: //input[@id='radio-no']]
2022-07-06 11:07:898 INFO  HomePage :32 - Clicking on next [[ChromeDriver: chrome on WINDOWS (0dccef036ac5f6d46dfb8913f29ad83e)] -> xpath: //input[@id='next-button']]
2022-07-06 11:07:958 INFO  HomePage :27 - Clicking on no [[ChromeDriver: chrome on WINDOWS (0dccef036ac5f6d46dfb8913f29ad83e)] -> xpath: //input[@id='radio-no']]
2022-07-06 11:07:298 INFO  HomePage :31 - Clicking on next [[ChromeDriver: chrome on WINDOWS (0dccef036ac5f6d46dfb8913f29ad83e)] -> xpath: //input[@id='next-button']]
2022-07-06 11:07:380 INFO  HomePage :27 - Clicking on no [[ChromeDriver: chrome on WINDOWS (0dccef036ac5f6d46dfb8913f29ad83e)] -> xpath: //input[@id='radio-no']]
2022-07-06 11:07:726 INFO  HomePage :31 - Clicking on next [[ChromeDriver: chrome on WINDOWS (0dccef036ac5f6d46dfb8913f29ad83e)] -> xpath: //input[@id='next-button']]
2022-07-06 11:07:806 INFO  HomePage :28 - Clicking on no [[ChromeDriver: chrome on WINDOWS (0dccef036ac5f6d46dfb8913f29ad83e)] -> xpath: //input[@id='radio-yes']]
2022-07-06 11:07:171 INFO  HomePage :32 - Clicking on next [[ChromeDriver: chrome on WINDOWS (0dccef036ac5f6d46dfb8913f29ad83e)] -> xpath: //input[@class='button']]
2022-07-06 11:07:221 INFO  HomePage :23 - Verify Text displaye on page Proxy element for: DefaultElementLocator 'By.xpath: //h1[@id='result-heading']'
2022-07-06 11:07:153 INFO  ManageDriver :33 - Launching Chrome Browser
2022-07-06 11:07:269 INFO  HomePage :33 - Clicking on start accept cookies[[ChromeDriver: chrome on WINDOWS (438fd12eea3825aa89574aa7975aa7d1)] -> xpath: //button[@id='nhsuk-cookie-banner__link_accept_analytics']]
2022-07-06 11:07:662 INFO  HomePage :39 - Clicking on start Button[[ChromeDriver: chrome on WINDOWS (438fd12eea3825aa89574aa7975aa7d1)] -> xpath: //input[@id='next-button']]
2022-07-06 11:07:759 INFO  HomePage :29 - Clicking on wales[[ChromeDriver: chrome on WINDOWS (438fd12eea3825aa89574aa7975aa7d1)] -> xpath: //input[@id='radio-wales']]
2022-07-06 11:07:96 INFO  HomePage :34 - Clicking on next[[ChromeDriver: chrome on WINDOWS (438fd12eea3825aa89574aa7975aa7d1)] -> xpath: //input[@id='next-button']]
2022-07-06 11:07:162 INFO  HomePage :25 - Clicking on yes [[ChromeDriver: chrome on WINDOWS (438fd12eea3825aa89574aa7975aa7d1)] -> xpath: //input[@id='radio-yes']]
2022-07-06 11:07:472 INFO  HomePage :30 - Clicking on next [[ChromeDriver: chrome on WINDOWS (438fd12eea3825aa89574aa7975aa7d1)] -> xpath: //input[@id='next-button']]
2022-07-06 11:07:560 INFO  HomePage :26 - Clicking on wales  [[ChromeDriver: chrome on WINDOWS (438fd12eea3825aa89574aa7975aa7d1)] -> xpath: //input[@id='radio-wales']]
2022-07-06 11:07:873 INFO  HomePage :31 - Clicking on next [[ChromeDriver: chrome on WINDOWS (438fd12eea3825aa89574aa7975aa7d1)] -> xpath: //input[@id='next-button']]
2022-07-06 11:07:889 INFO  HomePage :31 - Enter date 1 to date field 1
2022-07-06 11:07:999 INFO  HomePage :36 - Enter month 02 to Month field [[ChromeDriver: chrome on WINDOWS (438fd12eea3825aa89574aa7975aa7d1)] -> xpath: //input[@id='dob-month']]
2022-07-06 11:07:102 INFO  HomePage :41 - Enter Year 2000 to Year  field [[ChromeDriver: chrome on WINDOWS (438fd12eea3825aa89574aa7975aa7d1)] -> xpath: //input[@id='dob-year']]
2022-07-06 11:07:472 INFO  HomePage :47 - Clicking on next [[ChromeDriver: chrome on WINDOWS (438fd12eea3825aa89574aa7975aa7d1)] -> xpath: //input[@id='next-button']]
2022-07-06 11:07:551 INFO  HomePage :28 - Clicking on my yes [[ChromeDriver: chrome on WINDOWS (438fd12eea3825aa89574aa7975aa7d1)] -> xpath: //input[@id='radio-yes']]
2022-07-06 11:07:876 INFO  HomePage :33 - Clicking on next [[ChromeDriver: chrome on WINDOWS (438fd12eea3825aa89574aa7975aa7d1)] -> xpath: //input[@id='next-button']]
2022-07-06 11:07:188 INFO  HomePage :33 - Clicking on next [[ChromeDriver: chrome on WINDOWS (438fd12eea3825aa89574aa7975aa7d1)] -> xpath: //input[@id='next-button']]
2022-07-06 11:07:260 INFO  HomePage :27 - Clicking on no [[ChromeDriver: chrome on WINDOWS (438fd12eea3825aa89574aa7975aa7d1)] -> xpath: //input[@id='radio-no']]
2022-07-06 11:07:580 INFO  HomePage :31 - Clicking on next [[ChromeDriver: chrome on WINDOWS (438fd12eea3825aa89574aa7975aa7d1)] -> xpath: //input[@id='next-button']]
2022-07-06 11:07:654 INFO  HomePage :28 - Clicking on no [[ChromeDriver: chrome on WINDOWS (438fd12eea3825aa89574aa7975aa7d1)] -> xpath: //input[@id='radio-no']]
2022-07-06 11:07:997 INFO  HomePage :32 - Clicking on next [[ChromeDriver: chrome on WINDOWS (438fd12eea3825aa89574aa7975aa7d1)] -> xpath: //input[@id='next-button']]
2022-07-06 11:07:69 INFO  HomePage :28 - Clicking on no [[ChromeDriver: chrome on WINDOWS (438fd12eea3825aa89574aa7975aa7d1)] -> xpath: //input[@id='radio-no']]
2022-07-06 11:07:366 INFO  HomePage :32 - Clicking on next [[ChromeDriver: chrome on WINDOWS (438fd12eea3825aa89574aa7975aa7d1)] -> xpath: //input[@id='next-button']]
2022-07-06 11:07:422 INFO  HomePage :27 - Clicking on no [[ChromeDriver: chrome on WINDOWS (438fd12eea3825aa89574aa7975aa7d1)] -> xpath: //input[@id='radio-no']]
2022-07-06 11:07:703 INFO  HomePage :31 - Clicking on next [[ChromeDriver: chrome on WINDOWS (438fd12eea3825aa89574aa7975aa7d1)] -> xpath: //input[@id='next-button']]
2022-07-06 11:07:776 INFO  HomePage :27 - Clicking on no [[ChromeDriver: chrome on WINDOWS (438fd12eea3825aa89574aa7975aa7d1)] -> xpath: //input[@id='radio-no']]
2022-07-06 11:07:56 INFO  HomePage :31 - Clicking on next [[ChromeDriver: chrome on WINDOWS (438fd12eea3825aa89574aa7975aa7d1)] -> xpath: //input[@id='next-button']]
2022-07-06 11:07:136 INFO  HomePage :28 - Clicking on no [[ChromeDriver: chrome on WINDOWS (438fd12eea3825aa89574aa7975aa7d1)] -> xpath: //input[@id='radio-yes']]
2022-07-06 11:07:484 INFO  HomePage :32 - Clicking on next [[ChromeDriver: chrome on WINDOWS (438fd12eea3825aa89574aa7975aa7d1)] -> xpath: //input[@class='button']]
2022-07-06 11:07:532 INFO  HomePage :23 - Verify Text displaye on page Proxy element for: DefaultElementLocator 'By.xpath: //h1[@id='result-heading']'
2022-07-06 11:07:583 INFO  ManageDriver :33 - Launching Chrome Browser
2022-07-06 11:07:276 INFO  HomePage :33 - Clicking on start accept cookies[[ChromeDriver: chrome on WINDOWS (66eef449298379274224048edf383e2f)] -> xpath: //button[@id='nhsuk-cookie-banner__link_accept_analytics']]
2022-07-06 11:07:644 INFO  HomePage :39 - Clicking on start Button[[ChromeDriver: chrome on WINDOWS (66eef449298379274224048edf383e2f)] -> xpath: //input[@id='next-button']]
2022-07-06 11:07:740 INFO  HomePage :29 - Clicking on wales[[ChromeDriver: chrome on WINDOWS (66eef449298379274224048edf383e2f)] -> xpath: //input[@id='radio-wales']]
2022-07-06 11:07:56 INFO  HomePage :34 - Clicking on next[[ChromeDriver: chrome on WINDOWS (66eef449298379274224048edf383e2f)] -> xpath: //input[@id='next-button']]
2022-07-06 11:07:128 INFO  HomePage :25 - Clicking on yes [[ChromeDriver: chrome on WINDOWS (66eef449298379274224048edf383e2f)] -> xpath: //input[@id='radio-yes']]
2022-07-06 11:07:429 INFO  HomePage :30 - Clicking on next [[ChromeDriver: chrome on WINDOWS (66eef449298379274224048edf383e2f)] -> xpath: //input[@id='next-button']]
2022-07-06 11:07:505 INFO  HomePage :26 - Clicking on wales  [[ChromeDriver: chrome on WINDOWS (66eef449298379274224048edf383e2f)] -> xpath: //input[@id='radio-wales']]
2022-07-06 11:07:875 INFO  HomePage :31 - Clicking on next [[ChromeDriver: chrome on WINDOWS (66eef449298379274224048edf383e2f)] -> xpath: //input[@id='next-button']]
2022-07-06 11:07:883 INFO  HomePage :31 - Enter date 1 to date field 1
2022-07-06 11:07:25 INFO  HomePage :36 - Enter month 02 to Month field [[ChromeDriver: chrome on WINDOWS (66eef449298379274224048edf383e2f)] -> xpath: //input[@id='dob-month']]
2022-07-06 11:07:121 INFO  HomePage :41 - Enter Year 2000 to Year  field [[ChromeDriver: chrome on WINDOWS (66eef449298379274224048edf383e2f)] -> xpath: //input[@id='dob-year']]
2022-07-06 11:07:500 INFO  HomePage :47 - Clicking on next [[ChromeDriver: chrome on WINDOWS (66eef449298379274224048edf383e2f)] -> xpath: //input[@id='next-button']]
2022-07-06 11:07:589 INFO  HomePage :28 - Clicking on my yes [[ChromeDriver: chrome on WINDOWS (66eef449298379274224048edf383e2f)] -> xpath: //input[@id='radio-yes']]
2022-07-06 11:07:876 INFO  HomePage :33 - Clicking on next [[ChromeDriver: chrome on WINDOWS (66eef449298379274224048edf383e2f)] -> xpath: //input[@id='next-button']]
2022-07-06 11:07:212 INFO  HomePage :33 - Clicking on next [[ChromeDriver: chrome on WINDOWS (66eef449298379274224048edf383e2f)] -> xpath: //input[@id='next-button']]
2022-07-06 11:07:304 INFO  HomePage :27 - Clicking on no [[ChromeDriver: chrome on WINDOWS (66eef449298379274224048edf383e2f)] -> xpath: //input[@id='radio-no']]
2022-07-06 11:07:608 INFO  HomePage :31 - Clicking on next [[ChromeDriver: chrome on WINDOWS (66eef449298379274224048edf383e2f)] -> xpath: //input[@id='next-button']]
2022-07-06 11:07:682 INFO  HomePage :28 - Clicking on no [[ChromeDriver: chrome on WINDOWS (66eef449298379274224048edf383e2f)] -> xpath: //input[@id='radio-no']]
2022-07-06 11:07:985 INFO  HomePage :32 - Clicking on next [[ChromeDriver: chrome on WINDOWS (66eef449298379274224048edf383e2f)] -> xpath: //input[@id='next-button']]
2022-07-06 11:07:59 INFO  HomePage :28 - Clicking on no [[ChromeDriver: chrome on WINDOWS (66eef449298379274224048edf383e2f)] -> xpath: //input[@id='radio-no']]
2022-07-06 11:07:385 INFO  HomePage :32 - Clicking on next [[ChromeDriver: chrome on WINDOWS (66eef449298379274224048edf383e2f)] -> xpath: //input[@id='next-button']]
2022-07-06 11:07:449 INFO  HomePage :27 - Clicking on no [[ChromeDriver: chrome on WINDOWS (66eef449298379274224048edf383e2f)] -> xpath: //input[@id='radio-no']]
2022-07-06 11:07:775 INFO  HomePage :31 - Clicking on next [[ChromeDriver: chrome on WINDOWS (66eef449298379274224048edf383e2f)] -> xpath: //input[@id='next-button']]
2022-07-06 11:07:834 INFO  HomePage :27 - Clicking on no [[ChromeDriver: chrome on WINDOWS (66eef449298379274224048edf383e2f)] -> xpath: //input[@id='radio-no']]
2022-07-06 11:07:132 INFO  HomePage :31 - Clicking on next [[ChromeDriver: chrome on WINDOWS (66eef449298379274224048edf383e2f)] -> xpath: //input[@id='next-button']]
2022-07-06 11:07:207 INFO  PermenentelyCareHome :28 - Clicking on no [[ChromeDriver: chrome on WINDOWS (66eef449298379274224048edf383e2f)] -> xpath: //input[@id='radio-no']]
2022-07-06 11:07:532 INFO  PermenentelyCareHome :32 - Clicking on next [[ChromeDriver: chrome on WINDOWS (66eef449298379274224048edf383e2f)] -> xpath: //input[@id='next-button']]
2022-07-06 11:07:609 INFO  HomePage :28 - Clicking on no [[ChromeDriver: chrome on WINDOWS (66eef449298379274224048edf383e2f)] -> xpath: //input[@id='radio-yes']]
2022-07-06 11:07:913 INFO  HomePage :32 - Clicking on next [[ChromeDriver: chrome on WINDOWS (66eef449298379274224048edf383e2f)] -> xpath: //input[@class='button']]
2022-07-06 11:07:937 INFO  HomePage :23 - Verify Text displaye on page [[ChromeDriver: chrome on WINDOWS (66eef449298379274224048edf383e2f)] -> xpath: //h1[@id='result-heading']]
2022-07-06 11:07:848 INFO  ManageDriver :33 - Launching Chrome Browser
2022-07-06 11:07:599 INFO  HomePage :33 - Clicking on start accept cookies[[ChromeDriver: chrome on WINDOWS (6ca6508b7043121b6addd75279808f73)] -> xpath: //button[@id='nhsuk-cookie-banner__link_accept_analytics']]
2022-07-06 11:07:984 INFO  HomePage :39 - Clicking on start Button[[ChromeDriver: chrome on WINDOWS (6ca6508b7043121b6addd75279808f73)] -> xpath: //input[@id='next-button']]
2022-07-06 11:07:62 INFO  HomePage :29 - Clicking on wales[[ChromeDriver: chrome on WINDOWS (6ca6508b7043121b6addd75279808f73)] -> xpath: //input[@id='radio-wales']]
2022-07-06 11:07:432 INFO  HomePage :34 - Clicking on next[[ChromeDriver: chrome on WINDOWS (6ca6508b7043121b6addd75279808f73)] -> xpath: //input[@id='next-button']]
2022-07-06 11:07:519 INFO  HomePage :25 - Clicking on yes [[ChromeDriver: chrome on WINDOWS (6ca6508b7043121b6addd75279808f73)] -> xpath: //input[@id='radio-yes']]
2022-07-06 11:07:845 INFO  HomePage :30 - Clicking on next [[ChromeDriver: chrome on WINDOWS (6ca6508b7043121b6addd75279808f73)] -> xpath: //input[@id='next-button']]
2022-07-06 11:07:917 INFO  HomePage :26 - Clicking on wales  [[ChromeDriver: chrome on WINDOWS (6ca6508b7043121b6addd75279808f73)] -> xpath: //input[@id='radio-wales']]
2022-07-06 11:07:208 INFO  HomePage :31 - Clicking on next [[ChromeDriver: chrome on WINDOWS (6ca6508b7043121b6addd75279808f73)] -> xpath: //input[@id='next-button']]
2022-07-06 11:07:224 INFO  HomePage :31 - Enter date 1 to date field 1
2022-07-06 11:07:352 INFO  HomePage :36 - Enter month 02 to Month field [[ChromeDriver: chrome on WINDOWS (6ca6508b7043121b6addd75279808f73)] -> xpath: //input[@id='dob-month']]
2022-07-06 11:07:436 INFO  HomePage :41 - Enter Year 2000 to Year  field [[ChromeDriver: chrome on WINDOWS (6ca6508b7043121b6addd75279808f73)] -> xpath: //input[@id='dob-year']]
2022-07-06 11:07:828 INFO  HomePage :47 - Clicking on next [[ChromeDriver: chrome on WINDOWS (6ca6508b7043121b6addd75279808f73)] -> xpath: //input[@id='next-button']]
2022-07-06 11:07:910 INFO  HomePage :28 - Clicking on my yes [[ChromeDriver: chrome on WINDOWS (6ca6508b7043121b6addd75279808f73)] -> xpath: //input[@id='radio-yes']]
2022-07-06 11:07:237 INFO  HomePage :33 - Clicking on next [[ChromeDriver: chrome on WINDOWS (6ca6508b7043121b6addd75279808f73)] -> xpath: //input[@id='next-button']]
2022-07-06 11:07:557 INFO  HomePage :33 - Clicking on next [[ChromeDriver: chrome on WINDOWS (6ca6508b7043121b6addd75279808f73)] -> xpath: //input[@id='next-button']]
2022-07-06 11:07:645 INFO  HomePage :27 - Clicking on no [[ChromeDriver: chrome on WINDOWS (6ca6508b7043121b6addd75279808f73)] -> xpath: //input[@id='radio-no']]
2022-07-06 11:07:941 INFO  HomePage :31 - Clicking on next [[ChromeDriver: chrome on WINDOWS (6ca6508b7043121b6addd75279808f73)] -> xpath: //input[@id='next-button']]
2022-07-06 11:07:18 INFO  HomePage :28 - Clicking on no [[ChromeDriver: chrome on WINDOWS (6ca6508b7043121b6addd75279808f73)] -> xpath: //input[@id='radio-no']]
2022-07-06 11:07:303 INFO  HomePage :32 - Clicking on next [[ChromeDriver: chrome on WINDOWS (6ca6508b7043121b6addd75279808f73)] -> xpath: //input[@id='next-button']]
2022-07-06 11:07:369 INFO  HomePage :28 - Clicking on no [[ChromeDriver: chrome on WINDOWS (6ca6508b7043121b6addd75279808f73)] -> xpath: //input[@id='radio-no']]
2022-07-06 11:07:692 INFO  HomePage :32 - Clicking on next [[ChromeDriver: chrome on WINDOWS (6ca6508b7043121b6addd75279808f73)] -> xpath: //input[@id='next-button']]
2022-07-06 11:07:753 INFO  HomePage :27 - Clicking on no [[ChromeDriver: chrome on WINDOWS (6ca6508b7043121b6addd75279808f73)] -> xpath: //input[@id='radio-no']]
2022-07-06 11:07:44 INFO  HomePage :31 - Clicking on next [[ChromeDriver: chrome on WINDOWS (6ca6508b7043121b6addd75279808f73)] -> xpath: //input[@id='next-button']]
2022-07-06 11:07:113 INFO  HomePage :27 - Clicking on no [[ChromeDriver: chrome on WINDOWS (6ca6508b7043121b6addd75279808f73)] -> xpath: //input[@id='radio-no']]
2022-07-06 11:07:436 INFO  HomePage :31 - Clicking on next [[ChromeDriver: chrome on WINDOWS (6ca6508b7043121b6addd75279808f73)] -> xpath: //input[@id='next-button']]
2022-07-06 11:07:508 INFO  PermenentelyCareHome :28 - Clicking on no [[ChromeDriver: chrome on WINDOWS (6ca6508b7043121b6addd75279808f73)] -> xpath: //input[@id='radio-no']]
2022-07-06 11:07:815 INFO  PermenentelyCareHome :32 - Clicking on next [[ChromeDriver: chrome on WINDOWS (6ca6508b7043121b6addd75279808f73)] -> xpath: //input[@id='next-button']]
2022-07-06 11:07:898 INFO  HomePage :28 - Clicking on no [[ChromeDriver: chrome on WINDOWS (6ca6508b7043121b6addd75279808f73)] -> xpath: //input[@id='radio-yes']]
2022-07-06 11:07:192 INFO  HomePage :32 - Clicking on next [[ChromeDriver: chrome on WINDOWS (6ca6508b7043121b6addd75279808f73)] -> xpath: //input[@class='button']]
2022-07-06 11:07:216 INFO  HomePage :23 - Verify Text displaye on page [[ChromeDriver: chrome on WINDOWS (6ca6508b7043121b6addd75279808f73)] -> xpath: //h1[@id='result-heading']]
2022-07-06 12:07:138 INFO  ManageDriver :33 - Launching Chrome Browser
2022-07-06 12:07:563 INFO  HomePage :33 - Clicking on start accept cookies[[ChromeDriver: chrome on WINDOWS (d3ea333fc0ce5a3e587bc2a00c91aeea)] -> xpath: //button[@id='nhsuk-cookie-banner__link_accept_analytics']]
2022-07-06 12:07:938 INFO  HomePage :39 - Clicking on start Button[[ChromeDriver: chrome on WINDOWS (d3ea333fc0ce5a3e587bc2a00c91aeea)] -> xpath: //input[@id='next-button']]
2022-07-06 12:07:35 INFO  CountryPage :29 - Clicking on wales[[ChromeDriver: chrome on WINDOWS (d3ea333fc0ce5a3e587bc2a00c91aeea)] -> xpath: //input[@id='radio-wales']]
2022-07-06 12:07:358 INFO  CountryPage :34 - Clicking on next[[ChromeDriver: chrome on WINDOWS (d3ea333fc0ce5a3e587bc2a00c91aeea)] -> xpath: //input[@id='next-button']]
2022-07-06 12:07:417 INFO  GpPracticePage :25 - Clicking on yes [[ChromeDriver: chrome on WINDOWS (d3ea333fc0ce5a3e587bc2a00c91aeea)] -> xpath: //input[@id='radio-yes']]
2022-07-06 12:07:726 INFO  GpPracticePage :30 - Clicking on next [[ChromeDriver: chrome on WINDOWS (d3ea333fc0ce5a3e587bc2a00c91aeea)] -> xpath: //input[@id='next-button']]
2022-07-06 12:07:830 INFO  DentalPracticePage :26 - Clicking on wales  [[ChromeDriver: chrome on WINDOWS (d3ea333fc0ce5a3e587bc2a00c91aeea)] -> xpath: //input[@id='radio-wales']]
2022-07-06 12:07:145 INFO  DentalPracticePage :31 - Clicking on next [[ChromeDriver: chrome on WINDOWS (d3ea333fc0ce5a3e587bc2a00c91aeea)] -> xpath: //input[@id='next-button']]
2022-07-06 12:07:153 INFO  DateOfBirthPage :31 - Enter date 1 to date field 1
2022-07-06 12:07:258 INFO  DateOfBirthPage :36 - Enter month 02 to Month field [[ChromeDriver: chrome on WINDOWS (d3ea333fc0ce5a3e587bc2a00c91aeea)] -> xpath: //input[@id='dob-month']]
2022-07-06 12:07:334 INFO  DateOfBirthPage :41 - Enter Year 2000 to Year  field [[ChromeDriver: chrome on WINDOWS (d3ea333fc0ce5a3e587bc2a00c91aeea)] -> xpath: //input[@id='dob-year']]
2022-07-06 12:07:695 INFO  DateOfBirthPage :47 - Clicking on next [[ChromeDriver: chrome on WINDOWS (d3ea333fc0ce5a3e587bc2a00c91aeea)] -> xpath: //input[@id='next-button']]
2022-07-06 12:07:767 INFO  PartnerPage :28 - Clicking on my yes [[ChromeDriver: chrome on WINDOWS (d3ea333fc0ce5a3e587bc2a00c91aeea)] -> xpath: //input[@id='radio-yes']]
2022-07-06 12:07:90 INFO  PartnerPage :33 - Clicking on next [[ChromeDriver: chrome on WINDOWS (d3ea333fc0ce5a3e587bc2a00c91aeea)] -> xpath: //input[@id='next-button']]
2022-07-06 12:07:378 INFO  PartnerPage :33 - Clicking on next [[ChromeDriver: chrome on WINDOWS (d3ea333fc0ce5a3e587bc2a00c91aeea)] -> xpath: //input[@id='next-button']]
2022-07-06 12:07:478 INFO  TexCreditPage :27 - Clicking on no [[ChromeDriver: chrome on WINDOWS (d3ea333fc0ce5a3e587bc2a00c91aeea)] -> xpath: //input[@id='radio-no']]
2022-07-06 12:07:774 INFO  TexCreditPage :31 - Clicking on next [[ChromeDriver: chrome on WINDOWS (d3ea333fc0ce5a3e587bc2a00c91aeea)] -> xpath: //input[@id='next-button']]
2022-07-06 12:07:853 INFO  BirthPage :28 - Clicking on no [[ChromeDriver: chrome on WINDOWS (d3ea333fc0ce5a3e587bc2a00c91aeea)] -> xpath: //input[@id='radio-no']]
2022-07-06 12:07:179 INFO  BirthPage :32 - Clicking on next [[ChromeDriver: chrome on WINDOWS (d3ea333fc0ce5a3e587bc2a00c91aeea)] -> xpath: //input[@id='next-button']]
2022-07-06 12:07:259 INFO  ArmedForcesPage :28 - Clicking on no [[ChromeDriver: chrome on WINDOWS (d3ea333fc0ce5a3e587bc2a00c91aeea)] -> xpath: //input[@id='radio-no']]
2022-07-06 12:07:552 INFO  ArmedForcesPage :32 - Clicking on next [[ChromeDriver: chrome on WINDOWS (d3ea333fc0ce5a3e587bc2a00c91aeea)] -> xpath: //input[@id='next-button']]
2022-07-06 12:07:613 INFO  DiabetesPage :27 - Clicking on no [[ChromeDriver: chrome on WINDOWS (d3ea333fc0ce5a3e587bc2a00c91aeea)] -> xpath: //input[@id='radio-no']]
2022-07-06 12:07:884 INFO  DiabetesPage :31 - Clicking on next [[ChromeDriver: chrome on WINDOWS (d3ea333fc0ce5a3e587bc2a00c91aeea)] -> xpath: //input[@id='next-button']]
2022-07-06 12:07:958 INFO  GlaucomaPage :27 - Clicking on no [[ChromeDriver: chrome on WINDOWS (d3ea333fc0ce5a3e587bc2a00c91aeea)] -> xpath: //input[@id='radio-no']]
2022-07-06 12:07:222 INFO  GlaucomaPage :31 - Clicking on next [[ChromeDriver: chrome on WINDOWS (d3ea333fc0ce5a3e587bc2a00c91aeea)] -> xpath: //input[@id='next-button']]
2022-07-06 12:07:294 INFO  PermenentelyCareHome :28 - Clicking on no [[ChromeDriver: chrome on WINDOWS (d3ea333fc0ce5a3e587bc2a00c91aeea)] -> xpath: //input[@id='radio-no']]
2022-07-06 12:07:622 INFO  PermenentelyCareHome :32 - Clicking on next [[ChromeDriver: chrome on WINDOWS (d3ea333fc0ce5a3e587bc2a00c91aeea)] -> xpath: //input[@id='next-button']]
2022-07-06 12:07:703 INFO  SavingsPage :28 - Clicking on no [[ChromeDriver: chrome on WINDOWS (d3ea333fc0ce5a3e587bc2a00c91aeea)] -> xpath: //input[@id='radio-yes']]
2022-07-06 12:07:15 INFO  SavingsPage :32 - Clicking on next [[ChromeDriver: chrome on WINDOWS (d3ea333fc0ce5a3e587bc2a00c91aeea)] -> xpath: //input[@class='button']]
2022-07-06 12:07:39 INFO  NhsCosts :23 - Verify Text displaye on page [[ChromeDriver: chrome on WINDOWS (d3ea333fc0ce5a3e587bc2a00c91aeea)] -> xpath: //h1[@id='result-heading']]
2022-07-21 23:07:397 INFO  ManageDriver :33 - Launching Chrome Browser
2022-07-21 23:07:449 INFO  HomePage :33 - Clicking on start accept cookies[[ChromeDriver: chrome on WINDOWS (11306bd3113cb20b657c00f3bc20d526)] -> xpath: //button[@id='nhsuk-cookie-banner__link_accept_analytics']]
2022-07-21 23:07:802 INFO  HomePage :39 - Clicking on start Button[[ChromeDriver: chrome on WINDOWS (11306bd3113cb20b657c00f3bc20d526)] -> xpath: //input[@id='next-button']]
2022-07-21 23:07:892 INFO  CountryPage :30 - Clicking on wales[[ChromeDriver: chrome on WINDOWS (11306bd3113cb20b657c00f3bc20d526)] -> xpath: //input[@id='radio-wales']]
2022-07-21 23:07:203 INFO  CountryPage :35 - Clicking on next[[ChromeDriver: chrome on WINDOWS (11306bd3113cb20b657c00f3bc20d526)] -> xpath: //input[@id='next-button']]
2022-07-21 23:07:280 INFO  GpPracticePage :25 - Clicking on yes [[ChromeDriver: chrome on WINDOWS (11306bd3113cb20b657c00f3bc20d526)] -> xpath: //input[@id='radio-yes']]
2022-07-21 23:07:591 INFO  GpPracticePage :30 - Clicking on next [[ChromeDriver: chrome on WINDOWS (11306bd3113cb20b657c00f3bc20d526)] -> xpath: //input[@id='next-button']]
2022-07-21 23:07:654 INFO  DentalPracticePage :27 - Clicking on wales  [[ChromeDriver: chrome on WINDOWS (11306bd3113cb20b657c00f3bc20d526)] -> xpath: //input[@id='radio-wales']]
2022-07-21 23:07:981 INFO  DentalPracticePage :32 - Clicking on next [[ChromeDriver: chrome on WINDOWS (11306bd3113cb20b657c00f3bc20d526)] -> xpath: //input[@id='next-button']]
2022-07-21 23:07:989 INFO  DateOfBirthPage :31 - Enter date 1 to date field 1
2022-07-21 23:07:94 INFO  DateOfBirthPage :36 - Enter month 02 to Month field [[ChromeDriver: chrome on WINDOWS (11306bd3113cb20b657c00f3bc20d526)] -> xpath: //input[@id='dob-month']]
2022-07-21 23:07:167 INFO  DateOfBirthPage :41 - Enter Year 2000 to Year  field [[ChromeDriver: chrome on WINDOWS (11306bd3113cb20b657c00f3bc20d526)] -> xpath: //input[@id='dob-year']]
2022-07-21 23:07:529 INFO  DateOfBirthPage :47 - Clicking on next [[ChromeDriver: chrome on WINDOWS (11306bd3113cb20b657c00f3bc20d526)] -> xpath: //input[@id='next-button']]
2022-07-21 23:07:600 INFO  PartnerPage :28 - Clicking on my yes [[ChromeDriver: chrome on WINDOWS (11306bd3113cb20b657c00f3bc20d526)] -> xpath: //input[@id='radio-yes']]
2022-07-21 23:07:861 INFO  PartnerPage :33 - Clicking on next [[ChromeDriver: chrome on WINDOWS (11306bd3113cb20b657c00f3bc20d526)] -> xpath: //input[@id='next-button']]
2022-07-21 23:07:128 INFO  PartnerPage :33 - Clicking on next [[ChromeDriver: chrome on WINDOWS (11306bd3113cb20b657c00f3bc20d526)] -> xpath: //input[@id='next-button']]
2022-07-21 23:07:210 INFO  TexCreditPage :28 - Clicking on no [[ChromeDriver: chrome on WINDOWS (11306bd3113cb20b657c00f3bc20d526)] -> xpath: //input[@id='radio-no']]
2022-07-21 23:07:476 INFO  TexCreditPage :32 - Clicking on next [[ChromeDriver: chrome on WINDOWS (11306bd3113cb20b657c00f3bc20d526)] -> xpath: //input[@id='next-button']]
2022-07-21 23:07:540 INFO  BirthPage :28 - Clicking on no [[ChromeDriver: chrome on WINDOWS (11306bd3113cb20b657c00f3bc20d526)] -> xpath: //input[@id='radio-no']]
2022-07-21 23:07:910 INFO  BirthPage :32 - Clicking on next [[ChromeDriver: chrome on WINDOWS (11306bd3113cb20b657c00f3bc20d526)] -> xpath: //input[@id='next-button']]
2022-07-21 23:07:964 INFO  ArmedForcesPage :29 - Clicking on no [[ChromeDriver: chrome on WINDOWS (11306bd3113cb20b657c00f3bc20d526)] -> xpath: //input[@id='radio-no']]
2022-07-21 23:07:269 INFO  ArmedForcesPage :33 - Clicking on next [[ChromeDriver: chrome on WINDOWS (11306bd3113cb20b657c00f3bc20d526)] -> xpath: //input[@id='next-button']]
2022-07-21 23:07:327 INFO  DiabetesPage :28 - Clicking on no [[ChromeDriver: chrome on WINDOWS (11306bd3113cb20b657c00f3bc20d526)] -> xpath: //input[@id='radio-no']]
2022-07-21 23:07:618 INFO  DiabetesPage :32 - Clicking on next [[ChromeDriver: chrome on WINDOWS (11306bd3113cb20b657c00f3bc20d526)] -> xpath: //input[@id='next-button']]
2022-07-21 23:07:677 INFO  GlaucomaPage :27 - Clicking on no [[ChromeDriver: chrome on WINDOWS (11306bd3113cb20b657c00f3bc20d526)] -> xpath: //input[@id='radio-no']]
2022-07-21 23:07:962 INFO  GlaucomaPage :31 - Clicking on next [[ChromeDriver: chrome on WINDOWS (11306bd3113cb20b657c00f3bc20d526)] -> xpath: //input[@id='next-button']]
2022-07-21 23:07:26 INFO  PermenentelyCareHome :28 - Clicking on no [[ChromeDriver: chrome on WINDOWS (11306bd3113cb20b657c00f3bc20d526)] -> xpath: //input[@id='radio-no']]
2022-07-21 23:07:334 INFO  PermenentelyCareHome :32 - Clicking on next [[ChromeDriver: chrome on WINDOWS (11306bd3113cb20b657c00f3bc20d526)] -> xpath: //input[@id='next-button']]
2022-07-21 23:07:391 INFO  SavingsPage :28 - Clicking on no [[ChromeDriver: chrome on WINDOWS (11306bd3113cb20b657c00f3bc20d526)] -> xpath: //input[@id='radio-yes']]
2022-07-21 23:07:707 INFO  SavingsPage :32 - Clicking on next [[ChromeDriver: chrome on WINDOWS (11306bd3113cb20b657c00f3bc20d526)] -> xpath: //input[@class='button']]
2022-07-21 23:07:729 INFO  NhsCosts :23 - Verify Text displaye on page [[ChromeDriver: chrome on WINDOWS (11306bd3113cb20b657c00f3bc20d526)] -> xpath: //h1[@id='result-heading']]
2022-07-21 23:07:173 INFO  ManageDriver :33 - Launching Chrome Browser
2022-07-21 23:07:210 INFO  HomePage :33 - Clicking on start accept cookies[[ChromeDriver: chrome on WINDOWS (d0d6b43c1848274912795326a956884b)] -> xpath: //button[@id='nhsuk-cookie-banner__link_accept_analytics']]
2022-07-21 23:07:573 INFO  HomePage :39 - Clicking on start Button[[ChromeDriver: chrome on WINDOWS (d0d6b43c1848274912795326a956884b)] -> xpath: //input[@id='next-button']]
2022-07-21 23:07:672 INFO  CountryPage :30 - Clicking on wales[[ChromeDriver: chrome on WINDOWS (d0d6b43c1848274912795326a956884b)] -> xpath: //input[@id='radio-wales']]
2022-07-21 23:07:996 INFO  CountryPage :35 - Clicking on next[[ChromeDriver: chrome on WINDOWS (d0d6b43c1848274912795326a956884b)] -> xpath: //input[@id='next-button']]
2022-07-21 23:07:58 INFO  GpPracticePage :25 - Clicking on yes [[ChromeDriver: chrome on WINDOWS (d0d6b43c1848274912795326a956884b)] -> xpath: //input[@id='radio-yes']]
2022-07-21 23:07:411 INFO  GpPracticePage :30 - Clicking on next [[ChromeDriver: chrome on WINDOWS (d0d6b43c1848274912795326a956884b)] -> xpath: //input[@id='next-button']]
2022-07-21 23:07:481 INFO  DentalPracticePage :27 - Clicking on wales  [[ChromeDriver: chrome on WINDOWS (d0d6b43c1848274912795326a956884b)] -> xpath: //input[@id='radio-wales']]
2022-07-21 23:07:800 INFO  DentalPracticePage :32 - Clicking on next [[ChromeDriver: chrome on WINDOWS (d0d6b43c1848274912795326a956884b)] -> xpath: //input[@id='next-button']]
2022-07-21 23:07:804 INFO  DateOfBirthPage :31 - Enter date 1 to date field 1
2022-07-21 23:07:901 INFO  DateOfBirthPage :36 - Enter month 02 to Month field [[ChromeDriver: chrome on WINDOWS (d0d6b43c1848274912795326a956884b)] -> xpath: //input[@id='dob-month']]
2022-07-21 23:07:979 INFO  DateOfBirthPage :41 - Enter Year 2000 to Year  field [[ChromeDriver: chrome on WINDOWS (d0d6b43c1848274912795326a956884b)] -> xpath: //input[@id='dob-year']]
2022-07-21 23:07:292 INFO  DateOfBirthPage :47 - Clicking on next [[ChromeDriver: chrome on WINDOWS (d0d6b43c1848274912795326a956884b)] -> xpath: //input[@id='next-button']]
2022-07-21 23:07:361 INFO  PartnerPage :28 - Clicking on my yes [[ChromeDriver: chrome on WINDOWS (d0d6b43c1848274912795326a956884b)] -> xpath: //input[@id='radio-yes']]
2022-07-21 23:07:669 INFO  PartnerPage :33 - Clicking on next [[ChromeDriver: chrome on WINDOWS (d0d6b43c1848274912795326a956884b)] -> xpath: //input[@id='next-button']]
2022-07-21 23:07:938 INFO  PartnerPage :33 - Clicking on next [[ChromeDriver: chrome on WINDOWS (d0d6b43c1848274912795326a956884b)] -> xpath: //input[@id='next-button']]
2022-07-21 23:07:33 INFO  TexCreditPage :28 - Clicking on no [[ChromeDriver: chrome on WINDOWS (d0d6b43c1848274912795326a956884b)] -> xpath: //input[@id='radio-no']]
2022-07-21 23:07:416 INFO  TexCreditPage :32 - Clicking on next [[ChromeDriver: chrome on WINDOWS (d0d6b43c1848274912795326a956884b)] -> xpath: //input[@id='next-button']]
2022-07-21 23:07:489 INFO  BirthPage :28 - Clicking on no [[ChromeDriver: chrome on WINDOWS (d0d6b43c1848274912795326a956884b)] -> xpath: //input[@id='radio-no']]
2022-07-21 23:07:878 INFO  BirthPage :32 - Clicking on next [[ChromeDriver: chrome on WINDOWS (d0d6b43c1848274912795326a956884b)] -> xpath: //input[@id='next-button']]
2022-07-21 23:07:938 INFO  ArmedForcesPage :29 - Clicking on no [[ChromeDriver: chrome on WINDOWS (d0d6b43c1848274912795326a956884b)] -> xpath: //input[@id='radio-no']]
2022-07-21 23:07:258 INFO  ArmedForcesPage :33 - Clicking on next [[ChromeDriver: chrome on WINDOWS (d0d6b43c1848274912795326a956884b)] -> xpath: //input[@id='next-button']]
2022-07-21 23:07:317 INFO  DiabetesPage :28 - Clicking on no [[ChromeDriver: chrome on WINDOWS (d0d6b43c1848274912795326a956884b)] -> xpath: //input[@id='radio-no']]
2022-07-21 23:07:632 INFO  DiabetesPage :32 - Clicking on next [[ChromeDriver: chrome on WINDOWS (d0d6b43c1848274912795326a956884b)] -> xpath: //input[@id='next-button']]
2022-07-21 23:07:700 INFO  GlaucomaPage :27 - Clicking on no [[ChromeDriver: chrome on WINDOWS (d0d6b43c1848274912795326a956884b)] -> xpath: //input[@id='radio-no']]
2022-07-21 23:07:972 INFO  GlaucomaPage :31 - Clicking on next [[ChromeDriver: chrome on WINDOWS (d0d6b43c1848274912795326a956884b)] -> xpath: //input[@id='next-button']]
2022-07-21 23:07:54 INFO  PermenentelyCareHome :28 - Clicking on no [[ChromeDriver: chrome on WINDOWS (d0d6b43c1848274912795326a956884b)] -> xpath: //input[@id='radio-no']]
2022-07-21 23:07:355 INFO  PermenentelyCareHome :32 - Clicking on next [[ChromeDriver: chrome on WINDOWS (d0d6b43c1848274912795326a956884b)] -> xpath: //input[@id='next-button']]
2022-07-21 23:07:409 INFO  SavingsPage :28 - Clicking on no [[ChromeDriver: chrome on WINDOWS (d0d6b43c1848274912795326a956884b)] -> xpath: //input[@id='radio-yes']]
2022-07-21 23:07:788 INFO  SavingsPage :32 - Clicking on next [[ChromeDriver: chrome on WINDOWS (d0d6b43c1848274912795326a956884b)] -> xpath: //input[@class='button']]
2022-07-21 23:07:811 INFO  NhsCosts :23 - Verify Text displaye on page [[ChromeDriver: chrome on WINDOWS (d0d6b43c1848274912795326a956884b)] -> xpath: //h1[@id='result-heading']]
